This is pdfTeX, Version 3.14159265-2.6-1.40.18 (TeX Live 2017/W32TeX) (preloaded format=pdflatex 2017.9.24)  24 SEP 2017 16:22
entering extended mode
 restricted \write18 enabled.
 %&-line parsing enabled.
**./ALGODICT.tex
(./ALGODICT.tex
LaTeX2e <2017-04-15>
Babel <3.13> and hyphenation patterns for 84 language(s) loaded.
(c:/TEXLIVE/17/texmf-dist/tex/latex/base/article.cls
Document Class: article 2014/09/29 v1.4h Standard LaTeX document class
(c:/TEXLIVE/17/texmf-dist/tex/latex/base/size12.clo
File: size12.clo 2014/09/29 v1.4h Standard LaTeX file (size option)
)
\c@part=\count79
\c@section=\count80
\c@subsection=\count81
\c@subsubsection=\count82
\c@paragraph=\count83
\c@subparagraph=\count84
\c@figure=\count85
\c@table=\count86
\abovecaptionskip=\skip41
\belowcaptionskip=\skip42
\bibindent=\dimen102
)
(c:/TEXLIVE/17/texmf-dist/tex/latex/geometry/geometry.sty
Package: geometry 2010/09/12 v5.6 Page Geometry

(c:/TEXLIVE/17/texmf-dist/tex/latex/graphics/keyval.sty
Package: keyval 2014/10/28 v1.15 key=value parser (DPC)
\KV@toks@=\toks14
)
(c:/TEXLIVE/17/texmf-dist/tex/generic/oberdiek/ifpdf.sty
Package: ifpdf 2017/03/15 v3.2 Provides the ifpdf switch
)
(c:/TEXLIVE/17/texmf-dist/tex/generic/oberdiek/ifvtex.sty
Package: ifvtex 2016/05/16 v1.6 Detect VTeX and its facilities (HO)
Package ifvtex Info: VTeX not detected.
)
(c:/TEXLIVE/17/texmf-dist/tex/generic/ifxetex/ifxetex.sty
Package: ifxetex 2010/09/12 v0.6 Provides ifxetex conditional
)
\Gm@cnth=\count87
\Gm@cntv=\count88
\c@Gm@tempcnt=\count89
\Gm@bindingoffset=\dimen103
\Gm@wd@mp=\dimen104
\Gm@odd@mp=\dimen105
\Gm@even@mp=\dimen106
\Gm@layoutwidth=\dimen107
\Gm@layoutheight=\dimen108
\Gm@layouthoffset=\dimen109
\Gm@layoutvoffset=\dimen110
\Gm@dimlist=\toks15
)
(c:/TEXLIVE/17/texmf-dist/tex/latex/amsmath/amsmath.sty
Package: amsmath 2017/09/02 v2.17a AMS math features
\@mathmargin=\skip43

For additional information on amsmath, use the `?' option.
(c:/TEXLIVE/17/texmf-dist/tex/latex/amsmath/amstext.sty
Package: amstext 2000/06/29 v2.01 AMS text

(c:/TEXLIVE/17/texmf-dist/tex/latex/amsmath/amsgen.sty
File: amsgen.sty 1999/11/30 v2.0 generic functions
\@emptytoks=\toks16
\ex@=\dimen111
))
(c:/TEXLIVE/17/texmf-dist/tex/latex/amsmath/amsbsy.sty
Package: amsbsy 1999/11/29 v1.2d Bold Symbols
\pmbraise@=\dimen112
)
(c:/TEXLIVE/17/texmf-dist/tex/latex/amsmath/amsopn.sty
Package: amsopn 2016/03/08 v2.02 operator names
)
\inf@bad=\count90
LaTeX Info: Redefining \frac on input line 213.
\uproot@=\count91
\leftroot@=\count92
LaTeX Info: Redefining \overline on input line 375.
\classnum@=\count93
\DOTSCASE@=\count94
LaTeX Info: Redefining \ldots on input line 472.
LaTeX Info: Redefining \dots on input line 475.
LaTeX Info: Redefining \cdots on input line 596.
\Mathstrutbox@=\box26
\strutbox@=\box27
\big@size=\dimen113
LaTeX Font Info:    Redeclaring font encoding OML on input line 712.
LaTeX Font Info:    Redeclaring font encoding OMS on input line 713.
\macc@depth=\count95
\c@MaxMatrixCols=\count96
\dotsspace@=\muskip10
\c@parentequation=\count97
\dspbrk@lvl=\count98
\tag@help=\toks17
\row@=\count99
\column@=\count100
\maxfields@=\count101
\andhelp@=\toks18
\eqnshift@=\dimen114
\alignsep@=\dimen115
\tagshift@=\dimen116
\tagwidth@=\dimen117
\totwidth@=\dimen118
\lineht@=\dimen119
\@envbody=\toks19
\multlinegap=\skip44
\multlinetaggap=\skip45
\mathdisplay@stack=\toks20
LaTeX Info: Redefining \[ on input line 2817.
LaTeX Info: Redefining \] on input line 2818.
)
(c:/TEXLIVE/17/texmf-dist/tex/latex/amsfonts/amsfonts.sty
Package: amsfonts 2013/01/14 v3.01 Basic AMSFonts support
\symAMSa=\mathgroup4
\symAMSb=\mathgroup5
LaTeX Font Info:    Overwriting math alphabet `\mathfrak' in version `bold'
(Font)                  U/euf/m/n --> U/euf/b/n on input line 106.
)
(c:/TEXLIVE/17/texmf-dist/tex/latex/pgf/frontendlayer/tikz.sty
(c:/TEXLIVE/17/texmf-dist/tex/latex/pgf/basiclayer/pgf.sty
(c:/TEXLIVE/17/texmf-dist/tex/latex/pgf/utilities/pgfrcs.sty
(c:/TEXLIVE/17/texmf-dist/tex/generic/pgf/utilities/pgfutil-common.tex
\pgfutil@everybye=\toks21
\pgfutil@tempdima=\dimen120
\pgfutil@tempdimb=\dimen121

(c:/TEXLIVE/17/texmf-dist/tex/generic/pgf/utilities/pgfutil-common-lists.tex))
(c:/TEXLIVE/17/texmf-dist/tex/generic/pgf/utilities/pgfutil-latex.def
\pgfutil@abb=\box28

(c:/TEXLIVE/17/texmf-dist/tex/latex/ms/everyshi.sty
Package: everyshi 2001/05/15 v3.00 EveryShipout Package (MS)
))
(c:/TEXLIVE/17/texmf-dist/tex/generic/pgf/utilities/pgfrcs.code.tex
Package: pgfrcs 2015/08/07 v3.0.1a (rcs-revision 1.31)
))
Package: pgf 2015/08/07 v3.0.1a (rcs-revision 1.15)

(c:/TEXLIVE/17/texmf-dist/tex/latex/pgf/basiclayer/pgfcore.sty
(c:/TEXLIVE/17/texmf-dist/tex/latex/graphics/graphicx.sty
Package: graphicx 2017/06/01 v1.1a Enhanced LaTeX Graphics (DPC,SPQR)

(c:/TEXLIVE/17/texmf-dist/tex/latex/graphics/graphics.sty
Package: graphics 2017/06/25 v1.2c Standard LaTeX Graphics (DPC,SPQR)

(c:/TEXLIVE/17/texmf-dist/tex/latex/graphics/trig.sty
Package: trig 2016/01/03 v1.10 sin cos tan (DPC)
)
(c:/TEXLIVE/17/texmf-dist/tex/latex/graphics-cfg/graphics.cfg
File: graphics.cfg 2016/06/04 v1.11 sample graphics configuration
)
Package graphics Info: Driver file: pdftex.def on input line 99.

(c:/TEXLIVE/17/texmf-dist/tex/latex/graphics-def/pdftex.def
File: pdftex.def 2017/06/24 v1.0g Graphics/color driver for pdftex
))
\Gin@req@height=\dimen122
\Gin@req@width=\dimen123
)
(c:/TEXLIVE/17/texmf-dist/tex/latex/pgf/systemlayer/pgfsys.sty
(c:/TEXLIVE/17/texmf-dist/tex/generic/pgf/systemlayer/pgfsys.code.tex
Package: pgfsys 2014/07/09 v3.0.1a (rcs-revision 1.48)

(c:/TEXLIVE/17/texmf-dist/tex/generic/pgf/utilities/pgfkeys.code.tex
\pgfkeys@pathtoks=\toks22
\pgfkeys@temptoks=\toks23

(c:/TEXLIVE/17/texmf-dist/tex/generic/pgf/utilities/pgfkeysfiltered.code.tex
\pgfkeys@tmptoks=\toks24
))
\pgf@x=\dimen124
\pgf@y=\dimen125
\pgf@xa=\dimen126
\pgf@ya=\dimen127
\pgf@xb=\dimen128
\pgf@yb=\dimen129
\pgf@xc=\dimen130
\pgf@yc=\dimen131
\w@pgf@writea=\write3
\r@pgf@reada=\read1
\c@pgf@counta=\count102
\c@pgf@countb=\count103
\c@pgf@countc=\count104
\c@pgf@countd=\count105
\t@pgf@toka=\toks25
\t@pgf@tokb=\toks26
\t@pgf@tokc=\toks27

(c:/TEXLIVE/17/texmf-dist/tex/generic/pgf/systemlayer/pgf.cfg
File: pgf.cfg 2008/05/14  (rcs-revision 1.7)
)
Driver file for pgf: pgfsys-pdftex.def

(c:/TEXLIVE/17/texmf-dist/tex/generic/pgf/systemlayer/pgfsys-pdftex.def
File: pgfsys-pdftex.def 2014/10/11  (rcs-revision 1.35)

(c:/TEXLIVE/17/texmf-dist/tex/generic/pgf/systemlayer/pgfsys-common-pdf.def
File: pgfsys-common-pdf.def 2013/10/10  (rcs-revision 1.13)
)))
(c:/TEXLIVE/17/texmf-dist/tex/generic/pgf/systemlayer/pgfsyssoftpath.code.tex
File: pgfsyssoftpath.code.tex 2013/09/09  (rcs-revision 1.9)
\pgfsyssoftpath@smallbuffer@items=\count106
\pgfsyssoftpath@bigbuffer@items=\count107
)
(c:/TEXLIVE/17/texmf-dist/tex/generic/pgf/systemlayer/pgfsysprotocol.code.tex
File: pgfsysprotocol.code.tex 2006/10/16  (rcs-revision 1.4)
)) (c:/TEXLIVE/17/texmf-dist/tex/latex/xcolor/xcolor.sty
Package: xcolor 2016/05/11 v2.12 LaTeX color extensions (UK)

(c:/TEXLIVE/17/texmf-dist/tex/latex/graphics-cfg/color.cfg
File: color.cfg 2016/01/02 v1.6 sample color configuration
)
Package xcolor Info: Driver file: pdftex.def on input line 225.
Package xcolor Info: Model `cmy' substituted by `cmy0' on input line 1348.
Package xcolor Info: Model `hsb' substituted by `rgb' on input line 1352.
Package xcolor Info: Model `RGB' extended on input line 1364.
Package xcolor Info: Model `HTML' substituted by `rgb' on input line 1366.
Package xcolor Info: Model `Hsb' substituted by `hsb' on input line 1367.
Package xcolor Info: Model `tHsb' substituted by `hsb' on input line 1368.
Package xcolor Info: Model `HSB' substituted by `hsb' on input line 1369.
Package xcolor Info: Model `Gray' substituted by `gray' on input line 1370.
Package xcolor Info: Model `wave' substituted by `hsb' on input line 1371.
)
(c:/TEXLIVE/17/texmf-dist/tex/generic/pgf/basiclayer/pgfcore.code.tex
Package: pgfcore 2010/04/11 v3.0.1a (rcs-revision 1.7)

(c:/TEXLIVE/17/texmf-dist/tex/generic/pgf/math/pgfmath.code.tex
(c:/TEXLIVE/17/texmf-dist/tex/generic/pgf/math/pgfmathcalc.code.tex
(c:/TEXLIVE/17/texmf-dist/tex/generic/pgf/math/pgfmathutil.code.tex)
(c:/TEXLIVE/17/texmf-dist/tex/generic/pgf/math/pgfmathparser.code.tex
\pgfmath@dimen=\dimen132
\pgfmath@count=\count108
\pgfmath@box=\box29
\pgfmath@toks=\toks28
\pgfmath@stack@operand=\toks29
\pgfmath@stack@operation=\toks30
)
(c:/TEXLIVE/17/texmf-dist/tex/generic/pgf/math/pgfmathfunctions.code.tex
(c:/TEXLIVE/17/texmf-dist/tex/generic/pgf/math/pgfmathfunctions.basic.code.tex)

(c:/TEXLIVE/17/texmf-dist/tex/generic/pgf/math/pgfmathfunctions.trigonometric.c
ode.tex)
(c:/TEXLIVE/17/texmf-dist/tex/generic/pgf/math/pgfmathfunctions.random.code.tex
)
(c:/TEXLIVE/17/texmf-dist/tex/generic/pgf/math/pgfmathfunctions.comparison.code
.tex)
(c:/TEXLIVE/17/texmf-dist/tex/generic/pgf/math/pgfmathfunctions.base.code.tex)
(c:/TEXLIVE/17/texmf-dist/tex/generic/pgf/math/pgfmathfunctions.round.code.tex)
(c:/TEXLIVE/17/texmf-dist/tex/generic/pgf/math/pgfmathfunctions.misc.code.tex)
(c:/TEXLIVE/17/texmf-dist/tex/generic/pgf/math/pgfmathfunctions.integerarithmet
ics.code.tex)))
(c:/TEXLIVE/17/texmf-dist/tex/generic/pgf/math/pgfmathfloat.code.tex
\c@pgfmathroundto@lastzeros=\count109
))
(c:/TEXLIVE/17/texmf-dist/tex/generic/pgf/basiclayer/pgfcorepoints.code.tex
File: pgfcorepoints.code.tex 2013/10/07  (rcs-revision 1.27)
\pgf@picminx=\dimen133
\pgf@picmaxx=\dimen134
\pgf@picminy=\dimen135
\pgf@picmaxy=\dimen136
\pgf@pathminx=\dimen137
\pgf@pathmaxx=\dimen138
\pgf@pathminy=\dimen139
\pgf@pathmaxy=\dimen140
\pgf@xx=\dimen141
\pgf@xy=\dimen142
\pgf@yx=\dimen143
\pgf@yy=\dimen144
\pgf@zx=\dimen145
\pgf@zy=\dimen146
)
(c:/TEXLIVE/17/texmf-dist/tex/generic/pgf/basiclayer/pgfcorepathconstruct.code.
tex
File: pgfcorepathconstruct.code.tex 2013/10/07  (rcs-revision 1.29)
\pgf@path@lastx=\dimen147
\pgf@path@lasty=\dimen148
)
(c:/TEXLIVE/17/texmf-dist/tex/generic/pgf/basiclayer/pgfcorepathusage.code.tex
File: pgfcorepathusage.code.tex 2014/11/02  (rcs-revision 1.24)
\pgf@shorten@end@additional=\dimen149
\pgf@shorten@start@additional=\dimen150
) (c:/TEXLIVE/17/texmf-dist/tex/generic/pgf/basiclayer/pgfcorescopes.code.tex
File: pgfcorescopes.code.tex 2015/05/08  (rcs-revision 1.46)
\pgfpic=\box30
\pgf@hbox=\box31
\pgf@layerbox@main=\box32
\pgf@picture@serial@count=\count110
)
(c:/TEXLIVE/17/texmf-dist/tex/generic/pgf/basiclayer/pgfcoregraphicstate.code.t
ex
File: pgfcoregraphicstate.code.tex 2014/11/02  (rcs-revision 1.12)
\pgflinewidth=\dimen151
)
(c:/TEXLIVE/17/texmf-dist/tex/generic/pgf/basiclayer/pgfcoretransformations.cod
e.tex
File: pgfcoretransformations.code.tex 2015/08/07  (rcs-revision 1.20)
\pgf@pt@x=\dimen152
\pgf@pt@y=\dimen153
\pgf@pt@temp=\dimen154
)
(c:/TEXLIVE/17/texmf-dist/tex/generic/pgf/basiclayer/pgfcorequick.code.tex
File: pgfcorequick.code.tex 2008/10/09  (rcs-revision 1.3)
)
(c:/TEXLIVE/17/texmf-dist/tex/generic/pgf/basiclayer/pgfcoreobjects.code.tex
File: pgfcoreobjects.code.tex 2006/10/11  (rcs-revision 1.2)
)
(c:/TEXLIVE/17/texmf-dist/tex/generic/pgf/basiclayer/pgfcorepathprocessing.code
.tex
File: pgfcorepathprocessing.code.tex 2013/09/09  (rcs-revision 1.9)
)
(c:/TEXLIVE/17/texmf-dist/tex/generic/pgf/basiclayer/pgfcorearrows.code.tex
File: pgfcorearrows.code.tex 2015/05/14  (rcs-revision 1.43)
\pgfarrowsep=\dimen155
)
(c:/TEXLIVE/17/texmf-dist/tex/generic/pgf/basiclayer/pgfcoreshade.code.tex
File: pgfcoreshade.code.tex 2013/07/15  (rcs-revision 1.15)
\pgf@max=\dimen156
\pgf@sys@shading@range@num=\count111
)
(c:/TEXLIVE/17/texmf-dist/tex/generic/pgf/basiclayer/pgfcoreimage.code.tex
File: pgfcoreimage.code.tex 2013/07/15  (rcs-revision 1.18)

(c:/TEXLIVE/17/texmf-dist/tex/generic/pgf/basiclayer/pgfcoreexternal.code.tex
File: pgfcoreexternal.code.tex 2014/07/09  (rcs-revision 1.21)
\pgfexternal@startupbox=\box33
)) (c:/TEXLIVE/17/texmf-dist/tex/generic/pgf/basiclayer/pgfcorelayers.code.tex
File: pgfcorelayers.code.tex 2013/07/18  (rcs-revision 1.7)
)
(c:/TEXLIVE/17/texmf-dist/tex/generic/pgf/basiclayer/pgfcoretransparency.code.t
ex
File: pgfcoretransparency.code.tex 2013/09/30  (rcs-revision 1.5)
)
(c:/TEXLIVE/17/texmf-dist/tex/generic/pgf/basiclayer/pgfcorepatterns.code.tex
File: pgfcorepatterns.code.tex 2013/11/07  (rcs-revision 1.5)
))) (c:/TEXLIVE/17/texmf-dist/tex/generic/pgf/modules/pgfmoduleshapes.code.tex
File: pgfmoduleshapes.code.tex 2014/03/21  (rcs-revision 1.35)
\pgfnodeparttextbox=\box34
)
(c:/TEXLIVE/17/texmf-dist/tex/generic/pgf/modules/pgfmoduleplot.code.tex
File: pgfmoduleplot.code.tex 2015/08/03  (rcs-revision 1.13)
)
(c:/TEXLIVE/17/texmf-dist/tex/latex/pgf/compatibility/pgfcomp-version-0-65.sty
Package: pgfcomp-version-0-65 2007/07/03 v3.0.1a (rcs-revision 1.7)
\pgf@nodesepstart=\dimen157
\pgf@nodesepend=\dimen158
) (c:/TEXLIVE/17/texmf-dist/tex/latex/pgf/compatibility/pgfcomp-version-1-18.st
y
Package: pgfcomp-version-1-18 2007/07/23 v3.0.1a (rcs-revision 1.1)
)) (c:/TEXLIVE/17/texmf-dist/tex/latex/pgf/utilities/pgffor.sty
(c:/TEXLIVE/17/texmf-dist/tex/latex/pgf/utilities/pgfkeys.sty
(c:/TEXLIVE/17/texmf-dist/tex/generic/pgf/utilities/pgfkeys.code.tex))
(c:/TEXLIVE/17/texmf-dist/tex/latex/pgf/math/pgfmath.sty
(c:/TEXLIVE/17/texmf-dist/tex/generic/pgf/math/pgfmath.code.tex))
(c:/TEXLIVE/17/texmf-dist/tex/generic/pgf/utilities/pgffor.code.tex
Package: pgffor 2013/12/13 v3.0.1a (rcs-revision 1.25)

(c:/TEXLIVE/17/texmf-dist/tex/generic/pgf/math/pgfmath.code.tex)
\pgffor@iter=\dimen159
\pgffor@skip=\dimen160
\pgffor@stack=\toks31
\pgffor@toks=\toks32
))
(c:/TEXLIVE/17/texmf-dist/tex/generic/pgf/frontendlayer/tikz/tikz.code.tex
Package: tikz 2015/08/07 v3.0.1a (rcs-revision 1.151)

(c:/TEXLIVE/17/texmf-dist/tex/generic/pgf/libraries/pgflibraryplothandlers.code
.tex
File: pgflibraryplothandlers.code.tex 2013/08/31 v3.0.1a (rcs-revision 1.20)
\pgf@plot@mark@count=\count112
\pgfplotmarksize=\dimen161
)
\tikz@lastx=\dimen162
\tikz@lasty=\dimen163
\tikz@lastxsaved=\dimen164
\tikz@lastysaved=\dimen165
\tikzleveldistance=\dimen166
\tikzsiblingdistance=\dimen167
\tikz@figbox=\box35
\tikz@figbox@bg=\box36
\tikz@tempbox=\box37
\tikz@tempbox@bg=\box38
\tikztreelevel=\count113
\tikznumberofchildren=\count114
\tikznumberofcurrentchild=\count115
\tikz@fig@count=\count116

(c:/TEXLIVE/17/texmf-dist/tex/generic/pgf/modules/pgfmodulematrix.code.tex
File: pgfmodulematrix.code.tex 2013/09/17  (rcs-revision 1.8)
\pgfmatrixcurrentrow=\count117
\pgfmatrixcurrentcolumn=\count118
\pgf@matrix@numberofcolumns=\count119
)
\tikz@expandcount=\count120

(c:/TEXLIVE/17/texmf-dist/tex/generic/pgf/frontendlayer/tikz/libraries/tikzlibr
arytopaths.code.tex
File: tikzlibrarytopaths.code.tex 2008/06/17 v3.0.1a (rcs-revision 1.2)
))) (c:/TEXLIVE/17/texmf-dist/tex/latex/ms/ragged2e.sty
Package: ragged2e 2009/05/21 v2.1 ragged2e Package (MS)

(c:/TEXLIVE/17/texmf-dist/tex/latex/ms/everysel.sty
Package: everysel 2011/10/28 v1.2 EverySelectfont Package (MS)
)
\CenteringLeftskip=\skip46
\RaggedLeftLeftskip=\skip47
\RaggedRightLeftskip=\skip48
\CenteringRightskip=\skip49
\RaggedLeftRightskip=\skip50
\RaggedRightRightskip=\skip51
\CenteringParfillskip=\skip52
\RaggedLeftParfillskip=\skip53
\RaggedRightParfillskip=\skip54
\JustifyingParfillskip=\skip55
\CenteringParindent=\skip56
\RaggedLeftParindent=\skip57
\RaggedRightParindent=\skip58
\JustifyingParindent=\skip59
)
(c:/TEXLIVE/17/texmf-dist/tex/latex/listings/listings.sty
\lst@mode=\count121
\lst@gtempboxa=\box39
\lst@token=\toks33
\lst@length=\count122
\lst@currlwidth=\dimen168
\lst@column=\count123
\lst@pos=\count124
\lst@lostspace=\dimen169
\lst@width=\dimen170
\lst@newlines=\count125
\lst@lineno=\count126
\lst@maxwidth=\dimen171

(c:/TEXLIVE/17/texmf-dist/tex/latex/listings/lstmisc.sty
File: lstmisc.sty 2015/06/04 1.6 (Carsten Heinz)
\c@lstnumber=\count127
\lst@skipnumbers=\count128
\lst@framebox=\box40
)
(c:/TEXLIVE/17/texmf-dist/tex/latex/listings/listings.cfg
File: listings.cfg 2015/06/04 1.6 listings configuration
))
Package: listings 2015/06/04 1.6 (Carsten Heinz)

(c:/TEXLIVE/17/texmf-dist/tex/latex/setspace/setspace.sty
Package: setspace 2011/12/19 v6.7a set line spacing
)
(c:/TEXLIVE/17/texmf-dist/tex/latex/tools/multicol.sty
Package: multicol 2017/04/11 v1.8q multicolumn formatting (FMi)
\c@tracingmulticols=\count129
\mult@box=\box41
\multicol@leftmargin=\dimen172
\c@unbalance=\count130
\c@collectmore=\count131
\doublecol@number=\count132
\multicoltolerance=\count133
\multicolpretolerance=\count134
\full@width=\dimen173
\page@free=\dimen174
\premulticols=\dimen175
\postmulticols=\dimen176
\multicolsep=\skip60
\multicolbaselineskip=\skip61
\partial@page=\box42
\last@line=\box43
\maxbalancingoverflow=\dimen177
\mult@rightbox=\box44
\mult@grightbox=\box45
\mult@gfirstbox=\box46
\mult@firstbox=\box47
\@tempa=\box48
\@tempa=\box49
\@tempa=\box50
\@tempa=\box51
\@tempa=\box52
\@tempa=\box53
\@tempa=\box54
\@tempa=\box55
\@tempa=\box56
\@tempa=\box57
\@tempa=\box58
\@tempa=\box59
\@tempa=\box60
\@tempa=\box61
\@tempa=\box62
\@tempa=\box63
\@tempa=\box64
\c@columnbadness=\count135
\c@finalcolumnbadness=\count136
\last@try=\dimen178
\multicolovershoot=\dimen179
\multicolundershoot=\dimen180
\mult@nat@firstbox=\box65
\colbreak@box=\box66
\mc@col@check@num=\count137
)
(c:/TEXLIVE/17/texmf-dist/tex/latex/tools/array.sty
Package: array 2016/10/06 v2.4d Tabular extension package (FMi)
\col@sep=\dimen181
\extrarowheight=\dimen182
\NC@list=\toks34
\extratabsurround=\skip62
\backup@length=\skip63
) (./ALGODICT.aux)
\openout1 = `ALGODICT.aux'.

LaTeX Font Info:    Checking defaults for OML/cmm/m/it on input line 13.
LaTeX Font Info:    ... okay on input line 13.
LaTeX Font Info:    Checking defaults for T1/cmr/m/n on input line 13.
LaTeX Font Info:    ... okay on input line 13.
LaTeX Font Info:    Checking defaults for OT1/cmr/m/n on input line 13.
LaTeX Font Info:    ... okay on input line 13.
LaTeX Font Info:    Checking defaults for OMS/cmsy/m/n on input line 13.
LaTeX Font Info:    ... okay on input line 13.
LaTeX Font Info:    Checking defaults for OMX/cmex/m/n on input line 13.
LaTeX Font Info:    ... okay on input line 13.
LaTeX Font Info:    Checking defaults for U/cmr/m/n on input line 13.
LaTeX Font Info:    ... okay on input line 13.

*geometry* driver: auto-detecting
*geometry* detected driver: pdftex
*geometry* verbose mode - [ preamble ] result:
* driver: pdftex
* paper: letterpaper
* layout: <same size as paper>
* layoutoffset:(h,v)=(0.0pt,0.0pt)
* modes: 
* h-part:(L,W,R)=(72.27pt, 469.75499pt, 72.27pt)
* v-part:(T,H,B)=(57.81598pt, 650.43pt, 86.72401pt)
* \paperwidth=614.295pt
* \paperheight=794.96999pt
* \textwidth=469.75499pt
* \textheight=650.43pt
* \oddsidemargin=0.00002pt
* \evensidemargin=0.00002pt
* \topmargin=-51.45401pt
* \headheight=12.0pt
* \headsep=25.0pt
* \topskip=12.0pt
* \footskip=30.0pt
* \marginparwidth=44.0pt
* \marginparsep=10.0pt
* \columnsep=10.0pt
* \skip\footins=10.8pt plus 4.0pt minus 2.0pt
* \hoffset=0.0pt
* \voffset=0.0pt
* \mag=1000
* \@twocolumnfalse
* \@twosidefalse
* \@mparswitchfalse
* \@reversemarginfalse
* (1in=72.27pt=25.4mm, 1cm=28.453pt)

ABD: EveryShipout initializing macros
(c:/TEXLIVE/17/texmf-dist/tex/context/base/mkii/supp-pdf.mkii
[Loading MPS to PDF converter (version 2006.09.02).]
\scratchcounter=\count138
\scratchdimen=\dimen183
\scratchbox=\box67
\nofMPsegments=\count139
\nofMParguments=\count140
\everyMPshowfont=\toks35
\MPscratchCnt=\count141
\MPscratchDim=\dimen184
\MPnumerator=\count142
\makeMPintoPDFobject=\count143
\everyMPtoPDFconversion=\toks36
) (c:/TEXLIVE/17/texmf-dist/tex/latex/oberdiek/epstopdf-base.sty
Package: epstopdf-base 2016/05/15 v2.6 Base part for package epstopdf

(c:/TEXLIVE/17/texmf-dist/tex/generic/oberdiek/infwarerr.sty
Package: infwarerr 2016/05/16 v1.4 Providing info/warning/error messages (HO)
)
(c:/TEXLIVE/17/texmf-dist/tex/latex/oberdiek/grfext.sty
Package: grfext 2016/05/16 v1.2 Manage graphics extensions (HO)

(c:/TEXLIVE/17/texmf-dist/tex/generic/oberdiek/kvdefinekeys.sty
Package: kvdefinekeys 2016/05/16 v1.4 Define keys (HO)

(c:/TEXLIVE/17/texmf-dist/tex/generic/oberdiek/ltxcmds.sty
Package: ltxcmds 2016/05/16 v1.23 LaTeX kernel commands for general use (HO)
)))
(c:/TEXLIVE/17/texmf-dist/tex/latex/oberdiek/kvoptions.sty
Package: kvoptions 2016/05/16 v3.12 Key value format for package options (HO)

(c:/TEXLIVE/17/texmf-dist/tex/generic/oberdiek/kvsetkeys.sty
Package: kvsetkeys 2016/05/16 v1.17 Key value parser (HO)

(c:/TEXLIVE/17/texmf-dist/tex/generic/oberdiek/etexcmds.sty
Package: etexcmds 2016/05/16 v1.6 Avoid name clashes with e-TeX commands (HO)

(c:/TEXLIVE/17/texmf-dist/tex/generic/oberdiek/ifluatex.sty
Package: ifluatex 2016/05/16 v1.4 Provides the ifluatex switch (HO)
Package ifluatex Info: LuaTeX not detected.
)
Package etexcmds Info: Could not find \expanded.
(etexcmds)             That can mean that you are not using pdfTeX 1.50 or
(etexcmds)             that some package has redefined \expanded.
(etexcmds)             In the latter case, load this package earlier.
)))
(c:/TEXLIVE/17/texmf-dist/tex/generic/oberdiek/pdftexcmds.sty
Package: pdftexcmds 2017/03/19 v0.25 Utility functions of pdfTeX for LuaTeX (HO
)
Package pdftexcmds Info: LuaTeX not detected.
Package pdftexcmds Info: \pdf@primitive is available.
Package pdftexcmds Info: \pdf@ifprimitive is available.
Package pdftexcmds Info: \pdfdraftmode found.
)
Package epstopdf-base Info: Redefining graphics rule for `.eps' on input line 4
38.
Package grfext Info: Graphics extension search list:
(grfext)             [.pdf,.png,.jpg,.mps,.jpeg,.jbig2,.jb2,.PDF,.PNG,.JPG,.JPE
G,.JBIG2,.JB2,.eps]
(grfext)             \AppendGraphicsExtensions on input line 456.

(c:/TEXLIVE/17/texmf-dist/tex/latex/latexconfig/epstopdf-sys.cfg
File: epstopdf-sys.cfg 2010/07/13 v1.3 Configuration of (r)epstopdf for TeX Liv
e
))
ABD: EverySelectfont initializing macros
LaTeX Info: Redefining \selectfont on input line 13.
\c@lstlisting=\count144
LaTeX Font Info:    Try loading font information for U+msa on input line 17.

(c:/TEXLIVE/17/texmf-dist/tex/latex/amsfonts/umsa.fd
File: umsa.fd 2013/01/14 v3.01 AMS symbols A
)
LaTeX Font Info:    Try loading font information for U+msb on input line 17.

(c:/TEXLIVE/17/texmf-dist/tex/latex/amsfonts/umsb.fd
File: umsb.fd 2013/01/14 v3.01 AMS symbols B
)
Underfull \hbox (badness 10000) in paragraph at lines 36--37
[]\OT1/cmtt/m/n/12 A B.S.T. is a data structure in which each element has one p
arent and (at
 []


Underfull \hbox (badness 10000) in paragraph at lines 36--37
\OT1/cmtt/m/n/12 most) two children; The lefthand children are always less than
 their parents
 []


Underfull \hbox (badness 10000) in paragraph at lines 36--37
\OT1/cmtt/m/n/12 and the righthand children are always greater than their paren
ts. Only the
 []

Missing character: There is no ‚ in font cmtt12!
Missing character: There is no Ä in font cmtt12!
Missing character: There is no ô in font cmtt12!
Missing character: There is no ‚ in font cmtt12!
Missing character: There is no Ä in font cmtt12!
Missing character: There is no ô in font cmtt12!

Underfull \hbox (badness 10000) in paragraph at lines 38--39
[]\OT1/cmtt/m/n/12 Starting from the root, go down all the lefthand children un
til there are
 []


Underfull \hbox (badness 10000) in paragraph at lines 38--39
\OT1/cmtt/m/n/12 no more. The lowest lefthand child is the smallest element in 
the tree.
 []


Underfull \hbox (badness 10000) in paragraph at lines 38--39
\OT1/cmtt/m/n/12 From there, go back to the lowest elements parent, then to the
 righthand
 []


Underfull \hbox (badness 10000) in paragraph at lines 38--39
\OT1/cmtt/m/n/12 child of said parent if it exists. Repeat until you arrive bac
k at the
 []


Underfull \hbox (badness 10000) in paragraph at lines 38--39
\OT1/cmtt/m/n/12 root. From there, go to the first righthand child and go down 
its lefthand
 []


Underfull \hbox (badness 10000) in paragraph at lines 38--39
\OT1/cmtt/m/n/12 children until there are no more. Mirror the process described
 for the
 []

Missing character: There is no ‚ in font cmtt12!
Missing character: There is no Ä in font cmtt12!
Missing character: There is no ô in font cmtt12!

Underfull \hbox (badness 10000) in paragraph at lines 40--41
[]\OT1/cmtt/m/n/12 More simply, this can be visualized as walking around the tr
ee in a
 []


Underfull \hbox (badness 10000) in paragraph at lines 40--41
\OT1/cmtt/m/n/12 counterclockwise rotation, starting at the root. Consider elem
ents visited
 []


Underfull \hbox (badness 10000) in paragraph at lines 40--41
\OT1/cmtt/m/n/12 only when you are below them. In the below example, when you s
tart at 10,
 []


Underfull \hbox (badness 10000) in paragraph at lines 40--41
\OT1/cmtt/m/n/12 you are above it. You cant be below 10 (map-wise) until you go
 beneath 1,
 []

(c:/TEXLIVE/17/texmf-dist/tex/latex/listings/lstlang1.sty
File: lstlang1.sty 2015/06/04 1.6 listings language file
)
(c:/TEXLIVE/17/texmf-dist/tex/latex/listings/lstmisc.sty
File: lstmisc.sty 2015/06/04 1.6 (Carsten Heinz)
) (./cc_BST.c
LaTeX Font Info:    Font shape `OT1/cmtt/bx/n' in size <10.95> not available
(Font)              Font shape `OT1/cmtt/m/n' tried instead on input line 5.
 [1

{c:/TEXLIVE/17/texmf-var/fonts/map/pdftex/updmap/pdftex.map}] [2] [3] [4]) [5]
(./sorting.c
LaTeX Font Info:    Font shape `OT1/cmtt/bx/n' in size <10> not available
(Font)              Font shape `OT1/cmtt/m/n' tried instead on input line 48.
)
Underfull \hbox (badness 10000) in paragraph at lines 89--90
[]\OT1/cmtt/m/n/12 Bubble Sort passes through an array as many times as there a
re elements
 []


Underfull \hbox (badness 10000) in paragraph at lines 89--90
\OT1/cmtt/m/n/12 in the array. In each pass, it checks every element against th
e one after
 []


Underfull \hbox (badness 10000) in paragraph at lines 89--90
\OT1/cmtt/m/n/12 it; If the after element is less than the current element, the
 elements are
 []


Underfull \hbox (badness 10000) in paragraph at lines 91--92
[]\OT1/cmtt/m/n/12 Bubble Sort can be optimized to have less passes than the nu
mber of
 []


Underfull \hbox (badness 10000) in paragraph at lines 91--92
\OT1/cmtt/m/n/12 elements by adding a check; If no swaps have occurred in a pas
s, the array
 []

(./sorting.c) [6]
Underfull \hbox (badness 10000) in paragraph at lines 118--119
[]\OT1/cmtt/m/n/12 Insertion Sort passes through an array once, starting from t
he second
 []


Underfull \hbox (badness 10000) in paragraph at lines 118--119
\OT1/cmtt/m/n/12 element. Each element is inserted into its proper position. Th
is can be
 []


Underfull \hbox (badness 10000) in paragraph at lines 118--119
\OT1/cmtt/m/n/12 done by swapping the current element and its prior element whi
le the prior
 []


Underfull \hbox (badness 10000) in paragraph at lines 118--119
\OT1/cmtt/m/n/12 element is greater than the current element. Once the pass is 
done, the
 []

(./sorting.c) [7]
Underfull \hbox (badness 10000) in paragraph at lines 145--146
[]\OT1/cmtt/m/n/12 Selection Sort passes through an array once, starting from t
he second
 []


Underfull \hbox (badness 10000) in paragraph at lines 145--146
\OT1/cmtt/m/n/12 element. The minimum element of all elements beyond (and inclu
ding) the
 []


Underfull \hbox (badness 10000) in paragraph at lines 145--146
\OT1/cmtt/m/n/12 current element is selected and moved down the array until it 
is at the top
 []


Underfull \hbox (badness 10000) in paragraph at lines 145--146
\OT1/cmtt/m/n/12 of the sorted partition. The moving down is accomplished by sw
apping the
 []


Underfull \hbox (badness 10000) in paragraph at lines 145--146
\OT1/cmtt/m/n/12 minimum element with elements before it until it is in the sor
ted partition,
 []


Underfull \hbox (badness 10000) in paragraph at lines 145--146
\OT1/cmtt/m/n/12 or the element before it is smaller than the minimum. Once the
 pass is
 []

(./sorting.c) [8]
Underfull \hbox (badness 10000) in paragraph at lines 172--173
[]\OT1/cmtt/m/n/12 Merge Sort subdivides an array recursively until each partit
ion is a
 []


Underfull \hbox (badness 10000) in paragraph at lines 172--173
\OT1/cmtt/m/n/12 single element. It then merges the one element arrays back tog
ether in
 []

(./sorting.c [9]) [10]
Underfull \hbox (badness 10000) in paragraph at lines 204--205
[]\OT1/cmtt/m/n/12 Heap Sort takes the elements in an array and moves them into
 a heap, a
 []


Underfull \hbox (badness 10000) in paragraph at lines 204--205
\OT1/cmtt/m/n/12 tree structure where each element has at most two children. Th
e root of the
 []


Underfull \hbox (badness 10000) in paragraph at lines 204--205
\OT1/cmtt/m/n/12 tree is the maximum element from the array, and each child is 
smaller than
 []


Underfull \hbox (badness 10000) in paragraph at lines 204--205
\OT1/cmtt/m/n/12 its parent. Elements in the heap can be swapped easily to keep
 the tree in
 []


Underfull \hbox (badness 10000) in paragraph at lines 204--205
\OT1/cmtt/m/n/12 heap form, and the maximum is always on top. To sort, simply t
ake the root
 []


Underfull \hbox (badness 10000) in paragraph at lines 204--205
\OT1/cmtt/m/n/12 out and put it at the end of the sorted array, then reorder th
e heap. The
 []

(./sorting.c [11]) [12]
Underfull \hbox (badness 10000) in paragraph at lines 243--244
[]\OT1/cmtt/m/n/12 Time Complexity is a way to classify and rank algorithms. As
 the name
 []


Underfull \hbox (badness 10000) in paragraph at lines 243--244
\OT1/cmtt/m/n/12 implies, the runtime of an algorithm is what is used in rankin
g. An
 []


Underfull \hbox (badness 10000) in paragraph at lines 243--244
\OT1/cmtt/m/n/12 algorithm's runtime can be represented as some function of the
 size of the
 []


Underfull \hbox (badness 10000) in paragraph at lines 243--244
\OT1/cmtt/m/n/12 input data, commonly designated as $\OML/cmm/m/it/12 n$\OT1/cm
tt/m/n/12 . For sorting algorithms, $\OML/cmm/m/it/12 n$ \OT1/cmtt/m/n/12 is th
e
 []


Underfull \hbox (badness 10000) in paragraph at lines 245--246
[]\OT1/cmtt/m/n/12 To simplify the expressions, Big-O Notation is used, which d
rops out
 []


Underfull \hbox (badness 10000) in paragraph at lines 245--246
\OT1/cmtt/m/n/12 the lower order terms and leading coefficient in favor of focu
sing on the
 []


Underfull \hbox (badness 10000) in paragraph at lines 245--246
\OT1/cmtt/m/n/12 leading term. Below is a table of time complexity classes and 
algorithms
 []


Overfull \hbox (6.26494pt too wide) in paragraph at lines 249--267
 [] 
 []

[13]
Underfull \hbox (badness 10000) in paragraph at lines 279--288
[]\OT1/cmtt/m/n/12 The Traveling Salesman Problem is an open NP-Hard problem in
 Computer
 []


Underfull \hbox (badness 10000) in paragraph at lines 279--288

 []


Underfull \hbox (badness 10000) in paragraph at lines 279--288

 []


Underfull \hbox (badness 10000) in paragraph at lines 279--288
\OT1/cmtt/m/n/12 An alternate version of it, designated the T.S.P. Decision Ver
sion, also
 []


Underfull \hbox (badness 10000) in paragraph at lines 279--288

 []


Underfull \hbox (badness 10000) in paragraph at lines 279--288

 []


Underfull \hbox (badness 10000) in paragraph at lines 279--288
\OT1/cmtt/m/n/12 If we reference the graph below, say we want to start from Fit
chburg (node
 []


Underfull \hbox (badness 10000) in paragraph at lines 279--288
\OT1/cmtt/m/n/12 3) and visit all of the eight cities in the New England area t
hat are shown.
 []


Underfull \hbox (badness 10000) in paragraph at lines 279--288
\OT1/cmtt/m/n/12 If we consider the normal version of T.S.P., the first thing w
e might try is
 []


Underfull \hbox (badness 10000) in paragraph at lines 279--288
\OT1/cmtt/m/n/12 to list out all routes that visit all cities and end up back i
n Fitchburg.
 []


Underfull \hbox (badness 10000) in paragraph at lines 279--288
\OT1/cmtt/m/n/12 This might take a while, and if we also wanted to visit some s
mall towns
 []


Underfull \hbox (badness 10000) in paragraph at lines 279--288
\OT1/cmtt/m/n/12 as well, say we add 20 of them to the graph, the number of rou
tes will grow
 []


Underfull \hbox (badness 10000) in paragraph at lines 289--290
[]\OT1/cmtt/m/n/12 In fact, attempting this method of brute-forcing T.S.P. has 
a time
 []


Underfull \hbox (badness 10000) in paragraph at lines 289--290
\OT1/cmtt/m/n/12 complexity of $\OML/cmm/m/it/12 O\OT1/cmr/m/n/12 (\OML/cmm/m/i
t/12 n\OT1/cmr/m/n/12 !)$\OT1/cmtt/m/n/12 , where $\OML/cmm/m/it/12 n$ \OT1/cmt
t/m/n/12 is the number of cities. Bogo Sort also has
 []


Underfull \hbox (badness 10000) in paragraph at lines 289--290
\OT1/cmtt/m/n/12 this time complexity. For those unaware, Bogo Sort involves ra
ndomly
 []


Underfull \hbox (badness 10000) in paragraph at lines 289--290
\OT1/cmtt/m/n/12 shuffling a list, checking if its sorted, and repeating until 
the list is
 []


Underfull \hbox (badness 10000) in paragraph at lines 289--290
\OT1/cmtt/m/n/12 sorted. Clearly, brute-force will not be efficient for this pr
oblem, hence
 []

[14]
Underfull \hbox (badness 10000) in paragraph at lines 368--369
[]\OT1/cmtt/m/n/12 Dijkstra's Shortest Path Algorithm is fairly straightforward
. First,
 []


Underfull \hbox (badness 10000) in paragraph at lines 368--369
\OT1/cmtt/m/n/12 you need a graph/map, which consists of a group of nodes linke
d in a
 []


Underfull \hbox (badness 10000) in paragraph at lines 368--369
\OT1/cmtt/m/n/12 certain fashion. The nodes should be numbered starting from 0,
 and can
 []


Underfull \hbox (badness 10000) in paragraph at lines 368--369
\OT1/cmtt/m/n/12 be represented as a square matrix or two-dimensional array. In
 this, a row
 []


Underfull \hbox (badness 10000) in paragraph at lines 368--369
\OT1/cmtt/m/n/12 corresponds to the paths that lead out of a node, and a column
 corresponds
 []


Underfull \hbox (badness 10000) in paragraph at lines 370--371
[]\OT1/cmtt/m/n/12 To find the shortest path through the graph or from a given 
node to every
 []


Underfull \hbox (badness 10000) in paragraph at lines 372--373
[]\OT1/cmtt/m/n/12 Create three arrays as long as the number of nodes in the gr
aph. Name
 []


Underfull \hbox (badness 10000) in paragraph at lines 373--374
[]\OT1/cmtt/m/n/12 Initialize the distance and previous arrays to be all -1, ex
cept
 []


Underfull \hbox (badness 10000) in paragraph at lines 373--374
\OT1/cmtt/m/n/12 the index corresponding the the origin node. For that node, se
t its
 []


Underfull \hbox (badness 10000) in paragraph at lines 374--375
[]\OT1/cmtt/m/n/12 Initialize the accessed array be all 0, except the origin no
de, which
 []


Underfull \hbox (badness 10000) in paragraph at lines 375--376
[]\OT1/cmtt/m/n/12 From the origin node, scan through its row in the matrix. If
 the
 []


Underfull \hbox (badness 10000) in paragraph at lines 375--376
\OT1/cmtt/m/n/12 distance to a new node plus the distance to the origin node is
 less
 []


Underfull \hbox (badness 10000) in paragraph at lines 375--376
\OT1/cmtt/m/n/12 than the current distance to the new node, or there is a path 
to the
 []


Underfull \hbox (badness 10000) in paragraph at lines 375--376
\OT1/cmtt/m/n/12 new node and no path to it currently exists (i.e. it has a dis
tance
 []


Underfull \hbox (badness 10000) in paragraph at lines 375--376
\OT1/cmtt/m/n/12 value of -1), update the distance to the new node and its entr
y in the
 []


Underfull \hbox (badness 10000) in paragraph at lines 376--377
[]\OT1/cmtt/m/n/12 Once the row of the origin node is scanned, select the node 
that has
 []


Underfull \hbox (badness 10000) in paragraph at lines 376--377
\OT1/cmtt/m/n/12 the smallest distance and is also unaccessed. Move to this nod
e, and
 []


Underfull \hbox (badness 10000) in paragraph at lines 377--378
[]\OT1/cmtt/m/n/12 Repeat steps 4 and 5 until all nodes have been accessed. The
 final
 []


Underfull \hbox (badness 10000) in paragraph at lines 377--378
\OT1/cmtt/m/n/12 versions of the distance and previous arrays will allow you to

 []


Underfull \hbox (badness 10000) in paragraph at lines 380--381
[]\OT1/cmtt/m/n/12 To read a path to a node, go to its entry in the previous ar
ray. Read
 []


Underfull \hbox (badness 10000) in paragraph at lines 380--381
\OT1/cmtt/m/n/12 what node was prior to your target node, and check its prior n
ode. Repeat
 []


Underfull \hbox (badness 10000) in paragraph at lines 380--381
\OT1/cmtt/m/n/12 this until you find a node who is its own prior node, which co
rresponds to
 []


Underfull \hbox (badness 10000) in paragraph at lines 380--381
\OT1/cmtt/m/n/12 the origin node. Then, start printing the indicies of the node
s from origin
 []

[15] (./NE.txt) (./NE_Solved.txt
Overfull \hbox (21.64394pt too wide) in paragraph at lines 3--4
[][][][][][][][][][][][][][][][][][][][] 
 []


Overfull \hbox (40.54387pt too wide) in paragraph at lines 4--5
[][][][][][][][][][][][][][][][][][][][][][][][] 
 []


Overfull \hbox (40.54387pt too wide) in paragraph at lines 5--6
[][][][][][][][][][][][][][][][][][][][][][][][] 
 []


Overfull \hbox (40.54387pt too wide) in paragraph at lines 6--8
[][][][][][][][][][][][][][][][][][][][][][][][] 
 []

) [16] (./cc_Dijkstra.c [17] [18] [19] [20] [21] [22] [23]) [24]
Underfull \hbox (badness 10000) in paragraph at lines 497--498
[]\OT1/cmtt/m/n/12 Finite State Automata, found in the center of Chomsky's Hier
archy
 []


Underfull \hbox (badness 10000) in paragraph at lines 497--498
\OT1/cmtt/m/n/12 (pictured above), are the simplest forms of computers. They ca
n be
 []


Underfull \hbox (badness 10000) in paragraph at lines 497--498
\OT1/cmtt/m/n/12 visualized as a graph of nodes, where the start node has a bla
nk arrow
 []


Underfull \hbox (badness 10000) in paragraph at lines 497--498
\OT1/cmtt/m/n/12 leading into it and where the end node is a double-circle. For
 example,
 []


Underfull \hbox (badness 10000) in paragraph at lines 497--498
\OT1/cmtt/m/n/12 below is a F.S.T. that can generate all strings that have an e
ven number of
 []


Underfull \hbox (badness 10000) in paragraph at lines 497--498
\OT1/cmtt/m/n/12 0's followed by an odd number of 1's. Please note that arrows 
marked with a
 []

[25]
Underfull \hbox (badness 10000) in paragraph at lines 541--542
[]\OT1/cmtt/m/n/12 Push-Down Automata, which encompass Finite State Automata, i
mplement a
 []


Underfull \hbox (badness 10000) in paragraph at lines 541--542
\OT1/cmtt/m/n/12 stack as a crude form of memory. The concept of a stack is cri
tical to
 []


Underfull \hbox (badness 10000) in paragraph at lines 541--542
\OT1/cmtt/m/n/12 Computer Science, as it can represent recursion and other tric
ky concepts
 []


Underfull \hbox (badness 10000) in paragraph at lines 541--542
\OT1/cmtt/m/n/12 in an elementary way. A stack can have objects pushed onto it 
or popped
 []


Underfull \hbox (badness 10000) in paragraph at lines 541--542
\OT1/cmtt/m/n/12 off of it. Only the top element on a stack, the element last p
ushed on, can
 []


Underfull \hbox (badness 10000) in paragraph at lines 541--542
\OT1/cmtt/m/n/12 be popped off. Though physical implementations of stacks gener
ally have a
 []


Underfull \hbox (badness 10000) in paragraph at lines 541--542
\OT1/cmtt/m/n/12 limit to their size, for our purposes, assume stacks can fit n
ear-infinitely
 []


Underfull \hbox (badness 10000) in paragraph at lines 543--544
[]\OT1/cmtt/m/n/12 One thing that Push-Down Automata can do that Finite State A
utomata
 []


Underfull \hbox (badness 10000) in paragraph at lines 543--544
\OT1/cmtt/m/n/12 cannot is generate all strings that have an equal number of 0'
s and 1's.
 []


Underfull \hbox (badness 10000) in paragraph at lines 543--544
\OT1/cmtt/m/n/12 Also, Push-Down Automata can generate all binary palindrome st
rings.
 []


Underfull \hbox (badness 10000) in paragraph at lines 543--544
\OT1/cmtt/m/n/12 Examples of both of these can be seen below. It should be note
d that in
 []


Underfull \hbox (badness 10000) in paragraph at lines 543--544
\OT1/cmtt/m/n/12 order for an automata to finish, its stack must be empty. Also
, if a push
 []


Underfull \hbox (badness 10000) in paragraph at lines 543--544
\OT1/cmtt/m/n/12 invovles a letter, that letter must be at the top of the stack
 in order for
 []


Underfull \hbox (badness 10000) in paragraph at lines 543--544
\OT1/cmtt/m/n/12 a pull of it to be processed. Finally, as with Finite State Au
tomata, $\OML/cmm/m/it/12 ^^U$
 []

[26]
Underfull \hbox (badness 10000) in paragraph at lines 595--596
[]\OT1/cmtt/m/n/12 Turing Machines, which encompass the prior two automata type
s, can
 []


Underfull \hbox (badness 10000) in paragraph at lines 595--596
\OT1/cmtt/m/n/12 compute the answer to any problem for which an algorithm exist
s. Pioneered
 []


Underfull \hbox (badness 10000) in paragraph at lines 595--596
\OT1/cmtt/m/n/12 and commemorated to Alan Turing, the Father of Computer Scienc
e, they
 []


Underfull \hbox (badness 10000) in paragraph at lines 597--598
[]\OT1/cmtt/m/n/12 Using a (reasonably) infitine tape of cells, a Turing Machin
e is
 []


Underfull \hbox (badness 10000) in paragraph at lines 597--598
\OT1/cmtt/m/n/12 instructed with a set of rules. For each rule, the T.M. reads 
the current
 []


Underfull \hbox (badness 10000) in paragraph at lines 597--598
\OT1/cmtt/m/n/12 cell it is at on the tape. Based on what is read, the T.M. may
 change
 []


Underfull \hbox (badness 10000) in paragraph at lines 597--598
\OT1/cmtt/m/n/12 to a new state, and may overwrite the cell. Once a state-chang
e and/or a
 []


Underfull \hbox (badness 10000) in paragraph at lines 597--598
\OT1/cmtt/m/n/12 write occur, the T.M. will then move one cell to the left or t
o the right.
 []


Underfull \hbox (badness 10000) in paragraph at lines 597--598
\OT1/cmtt/m/n/12 Eventually, a properly designed Turing Machine will enter a ha
lt state, in
 []


Underfull \hbox (badness 10000) in paragraph at lines 599--600
[]\OT1/cmtt/m/n/12 The concept of the state, coupled with the tape of data and 
instructions,
 []


Underfull \hbox (badness 10000) in paragraph at lines 599--600
\OT1/cmtt/m/n/12 paved the way for the development of general purpose computers
 following the
 []


Underfull \hbox (badness 10000) in paragraph at lines 599--600
\OT1/cmtt/m/n/12 Second World War in the mid 20th Century. Unfortunately, due t
o homophobic
 []


Underfull \hbox (badness 10000) in paragraph at lines 599--600
\OT1/cmtt/m/n/12 sentiments and nosy police officers, Alan Turing was forced in
to hormone
 []


Underfull \hbox (badness 10000) in paragraph at lines 599--600
\OT1/cmtt/m/n/12 theropy when it was revealed he was gay, a crime under contemp
orary British
 []


Underfull \hbox (badness 10000) in paragraph at lines 599--600
\OT1/cmtt/m/n/12 law. This, coupled with the resentment Turing now faced in the
 industry,
 []


Underfull \hbox (badness 10000) in paragraph at lines 599--600
\OT1/cmtt/m/n/12 led him to end his life prematurely, and he would not be pardo
ned by the
 []


Underfull \hbox (badness 10000) in paragraph at lines 601--602
[]\OT1/cmtt/m/n/12 Below are instructions for a Turing Machine that will increm
ent a binary
 []


Underfull \hbox (badness 10000) in paragraph at lines 608--609
[]\OT1/cmtt/m/n/12 S is the starting state. $\OML/cmm/m/it/12 ^^N$ \OT1/cmtt/m/
n/12 is the leftmost cell on the tape, and beyond
 []


Underfull \hbox (badness 10000) in paragraph at lines 608--609
\OT1/cmtt/m/n/12 which the machine is barred from going. [] is a blank cell. On
ce the
 []

[27] [28]
Missing character: There is no ‚ in font cmr12!
Missing character: There is no Ä in font cmr12!
Missing character: There is no ú in font cmr12!
Missing character: There is no ‚ in font cmr12!
Missing character: There is no Ä in font cmr12!
Missing character: There is no ù in font cmr12!
Missing character: There is no ‚ in font cmr12!
Missing character: There is no Ä in font cmr12!
Missing character: There is no ú in font cmr12!
Missing character: There is no ‚ in font cmr12!
Missing character: There is no Ä in font cmr12!
Missing character: There is no ù in font cmr12!
 [29]
Underfull \hbox (badness 1852) in paragraph at lines 747--748
[]\OT1/cmtt/m/n/12 If []Amuro[] wishes to send his signature as well, and keep 
it secret, 
 []


Underfull \hbox (badness 1975) in paragraph at lines 755--756
[][]\OT1/cmtt/m/n/12 Amuro[] can now transmit $\OML/cmm/m/it/12 CS[]$\OT1/cmtt/
m/n/12 . When []Sayla[] receives it, she knows to 
 []

[30] (./ALGODICT.aux) ) 
Here is how much of TeX's memory you used:
 14477 strings out of 492990
 274005 string characters out of 6137279
 496910 words of memory out of 5000000
 17726 multiletter control sequences out of 15000+600000
 18702 words of font info for 75 fonts, out of 8000000 for 9000
 1141 hyphenation exceptions out of 8191
 55i,11n,54p,612b,1622s stack positions out of 5000i,500n,10000p,200000b,80000s
<c:/TEXLIVE/17/texmf-dist/fonts/type1/public/amsfonts/cm
/cmitt10.pfb><c:/TEXLIVE/17/texmf-dist/fonts/type1/public/amsfonts/cm/cmmi10.pf
b><c:/TEXLIVE/17/texmf-dist/fonts/type1/public/amsfonts/cm/cmmi12.pfb><c:/TEXLI
VE/17/texmf-dist/fonts/type1/public/amsfonts/cm/cmmi6.pfb><c:/TEXLIVE/17/texmf-
dist/fonts/type1/public/amsfonts/cm/cmmi8.pfb><c:/TEXLIVE/17/texmf-dist/fonts/t
ype1/public/amsfonts/cm/cmr12.pfb><c:/TEXLIVE/17/texmf-dist/fonts/type1/public/
amsfonts/cm/cmr8.pfb><c:/TEXLIVE/17/texmf-dist/fonts/type1/public/amsfonts/cm/c
mss12.pfb><c:/TEXLIVE/17/texmf-dist/fonts/type1/public/amsfonts/cm/cmsy10.pfb><
c:/TEXLIVE/17/texmf-dist/fonts/type1/public/amsfonts/cm/cmti12.pfb><c:/TEXLIVE/
17/texmf-dist/fonts/type1/public/amsfonts/cm/cmtt10.pfb><c:/TEXLIVE/17/texmf-di
st/fonts/type1/public/amsfonts/cm/cmtt12.pfb><c:/TEXLIVE/17/texmf-dist/fonts/ty
pe1/public/amsfonts/symbols/msbm10.pfb>
Output written on ALGODICT.pdf (30 pages, 181013 bytes).
PDF statistics:
 156 PDF objects out of 1000 (max. 8388607)
 109 compressed objects within 2 object streams
 0 named destinations out of 1000 (max. 500000)
 13 words of extra memory for PDF output out of 10000 (max. 10000000)

